2023-08-29 15:52:21.662 [info] Log level: Info
2023-08-29 15:52:21.678 [info] Validating found git in: "git"
2023-08-29 15:52:21.682 [info] Using git "2.39.2" from "git"
2023-08-29 15:52:21.683 [info] > git rev-parse --show-toplevel [6ms]
2023-08-29 15:52:21.684 [info] fatal: not a git repository (or any of the parent directories): .git
2023-08-29 15:52:21.689 [info] > git rev-parse --show-toplevel [180ms]
2023-08-29 15:52:21.695 [info] fatal: not a git repository (or any parent up to mount point /root)
Stopping at filesystem boundary (GIT_DISCOVERY_ACROSS_FILESYSTEM not set).
2023-08-29 15:52:21.736 [info] > git rev-parse --show-toplevel [1108ms]
2023-08-29 15:52:21.737 [info] fatal: not a git repository (or any of the parent directories): .git
2023-08-29 15:52:21.941 [info] > git rev-parse --show-toplevel [141ms]
2023-08-29 15:52:21.960 [info] fatal: not a git repository (or any parent up to mount point /root)
Stopping at filesystem boundary (GIT_DISCOVERY_ACROSS_FILESYSTEM not set).
2023-08-29 15:52:22.114 [info] > git rev-parse --show-toplevel [48ms]
2023-08-29 15:52:22.117 [info] fatal: not a git repository (or any parent up to mount point /root)
Stopping at filesystem boundary (GIT_DISCOVERY_ACROSS_FILESYSTEM not set).
2023-08-29 15:52:23.133 [info] > git rev-parse --show-toplevel [978ms]
2023-08-29 15:52:23.187 [info] fatal: not a git repository (or any parent up to mount point /root)
Stopping at filesystem boundary (GIT_DISCOVERY_ACROSS_FILESYSTEM not set).
2023-08-29 15:52:23.392 [info] > git rev-parse --show-toplevel [23ms]
2023-08-29 15:52:23.398 [info] fatal: not a git repository (or any parent up to mount point /root)
Stopping at filesystem boundary (GIT_DISCOVERY_ACROSS_FILESYSTEM not set).
2023-08-29 15:52:23.669 [info] > git rev-parse --show-toplevel [247ms]
2023-08-29 15:52:23.676 [info] fatal: not a git repository (or any parent up to mount point /root)
Stopping at filesystem boundary (GIT_DISCOVERY_ACROSS_FILESYSTEM not set).
2023-08-29 15:52:23.919 [info] > git rev-parse --show-toplevel [9ms]
2023-08-29 15:52:23.932 [info] fatal: not a git repository (or any of the parent directories): .git
