2023-08-29 07:29:00.266 [info] Log level: Info
2023-08-29 07:29:00.269 [info] Validating found git in: "git"
2023-08-29 07:29:00.370 [info] Using git "2.39.2" from "git"
2023-08-29 07:29:00.864 [info] > git rev-parse --show-toplevel [5ms]
2023-08-29 07:29:00.866 [info] fatal: not a git repository (or any of the parent directories): .git
2023-08-29 07:29:01.052 [info] > git rev-parse --show-toplevel [124ms]
2023-08-29 07:29:01.054 [info] fatal: not a git repository (or any of the parent directories): .git
2023-08-29 07:29:01.089 [info] > git rev-parse --show-toplevel [7ms]
2023-08-29 07:29:01.090 [info] fatal: not a git repository (or any parent up to mount point /root)
Stopping at filesystem boundary (GIT_DISCOVERY_ACROSS_FILESYSTEM not set).
2023-08-29 07:29:01.177 [info] > git rev-parse --show-toplevel [18ms]
2023-08-29 07:29:01.182 [info] fatal: not a git repository (or any parent up to mount point /root)
Stopping at filesystem boundary (GIT_DISCOVERY_ACROSS_FILESYSTEM not set).
2023-08-29 07:29:01.215 [info] > git rev-parse --show-toplevel [6ms]
2023-08-29 07:29:01.216 [info] fatal: not a git repository (or any parent up to mount point /root)
Stopping at filesystem boundary (GIT_DISCOVERY_ACROSS_FILESYSTEM not set).
2023-08-29 07:29:01.246 [info] > git rev-parse --show-toplevel [4ms]
2023-08-29 07:29:01.248 [info] fatal: not a git repository (or any parent up to mount point /root)
Stopping at filesystem boundary (GIT_DISCOVERY_ACROSS_FILESYSTEM not set).
2023-08-29 07:29:01.321 [info] > git rev-parse --show-toplevel [35ms]
2023-08-29 07:29:01.323 [info] fatal: not a git repository (or any parent up to mount point /root)
Stopping at filesystem boundary (GIT_DISCOVERY_ACROSS_FILESYSTEM not set).
