2023-09-07 18:11:35.214 [info] Log level: Info
2023-09-07 18:11:35.216 [info] Validating found git in: "git"
2023-09-07 18:11:35.219 [info] Using git "2.39.2" from "git"
2023-09-07 18:11:35.221 [info] > git rev-parse --show-toplevel [101ms]
2023-09-07 18:11:35.222 [info] fatal: not a git repository (or any of the parent directories): .git
2023-09-07 18:11:35.223 [info] > git rev-parse --show-toplevel [159ms]
2023-09-07 18:11:35.224 [info] fatal: not a git repository (or any parent up to mount point /root)
Stopping at filesystem boundary (GIT_DISCOVERY_ACROSS_FILESYSTEM not set).
2023-09-07 18:11:35.265 [info] > git rev-parse --show-toplevel [24ms]
2023-09-07 18:11:35.283 [info] fatal: not a git repository (or any of the parent directories): .git
2023-09-07 18:11:35.354 [info] > git rev-parse --show-toplevel [27ms]
2023-09-07 18:11:35.358 [info] fatal: not a git repository (or any of the parent directories): .git
2023-09-07 18:11:35.455 [info] > git rev-parse --show-toplevel [30ms]
2023-09-07 18:11:35.458 [info] fatal: not a git repository (or any parent up to mount point /root)
Stopping at filesystem boundary (GIT_DISCOVERY_ACROSS_FILESYSTEM not set).
2023-09-07 18:11:35.495 [info] > git rev-parse --show-toplevel [11ms]
2023-09-07 18:11:35.496 [info] fatal: not a git repository (or any parent up to mount point /root)
Stopping at filesystem boundary (GIT_DISCOVERY_ACROSS_FILESYSTEM not set).
2023-09-07 18:11:35.619 [info] > git rev-parse --show-toplevel [20ms]
2023-09-07 18:11:35.622 [info] fatal: not a git repository (or any parent up to mount point /root)
Stopping at filesystem boundary (GIT_DISCOVERY_ACROSS_FILESYSTEM not set).
2023-09-07 18:11:35.726 [info] > git rev-parse --show-toplevel [79ms]
2023-09-07 18:11:35.726 [info] fatal: not a git repository (or any parent up to mount point /root)
Stopping at filesystem boundary (GIT_DISCOVERY_ACROSS_FILESYSTEM not set).
2023-09-07 18:11:35.784 [info] > git rev-parse --show-toplevel [20ms]
2023-09-07 18:11:35.791 [info] fatal: not a git repository (or any parent up to mount point /root)
Stopping at filesystem boundary (GIT_DISCOVERY_ACROSS_FILESYSTEM not set).
