2023-08-29 12:55:15.920 [info] Experiment 'pythonPromptNewFormatterExt' is active
2023-08-29 12:55:15.930 [info] Experiment 'pythonPromptNewToolsExt' is active
2023-08-29 12:55:15.949 [info] Experiment 'pythonTestAdapter' is active
2023-08-29 12:55:15.956 [info] Test server listening.
2023-08-29 12:55:16.288 [warning] Retry failed, storage update failed for key PYTHON_GLOBAL_STORAGE_KEYS
2023-08-29 12:55:16.309 [warning] Retry failed, storage update failed for key PYTHON_GLOBAL_STORAGE_KEYS
2023-08-29 12:55:20.126 [warning] Retry failed, storage update failed for key PYTHON_GLOBAL_STORAGE_KEYS
2023-08-29 12:55:20.141 [warning] Retry failed, storage update failed for key PYTHON_GLOBAL_STORAGE_KEYS
2023-08-29 12:55:20.149 [warning] Retry failed, storage update failed for key PYTHON_GLOBAL_STORAGE_KEYS
2023-08-29 12:55:20.160 [warning] Retry failed, storage update failed for key PYTHON_GLOBAL_STORAGE_KEYS
2023-08-29 12:55:20.169 [warning] Retry failed, storage update failed for key PYTHON_GLOBAL_STORAGE_KEYS
2023-08-29 12:55:20.172 [warning] Retry failed, storage update failed for key PYTHON_WORKSPACE_STORAGE_KEYS
2023-08-29 12:55:20.173 [warning] Retry failed, storage update failed for key PYTHON_WORKSPACE_STORAGE_KEYS
2023-08-29 12:55:20.175 [warning] Retry failed, storage update failed for key PYTHON_WORKSPACE_STORAGE_KEYS
2023-08-29 12:55:21.415 [info] > /usr/local/bin/python -I ./.vscode-server/extensions/ms-python.python-2023.14.0/pythonFiles/get_output_via_markers.py ./.vscode-server/extensions/ms-python.python-2023.14.0/pythonFiles/interpreterInfo.py
2023-08-29 12:55:22.877 [warning] Retry failed, storage update failed for key PYTHON_GLOBAL_STORAGE_KEYS
2023-08-29 12:55:22.893 [warning] Retry failed, storage update failed for key PYTHON_GLOBAL_STORAGE_KEYS
2023-08-29 12:55:23.957 [info] Python interpreter path: /usr/local/bin/python
2023-08-29 12:55:33.400 [info] Starting Pylance language server.
2023-08-29 13:00:26.262 [info] Send text to terminal: /usr/local/bin/python /root/code/app.py
2023-08-29 13:02:17.789 [info] Discover tests for workspace name: root - uri: /root/code/app.py
2023-08-29 15:02:27.277 [info] Discover tests for workspace name: root - uri: /root/code/app.py
2023-08-29 15:09:23.006 [info] Discover tests for workspace name: root - uri: /root/code/app.py
