2023-08-29 12:55:33.310 [info] [Info  - 12:55:28 PM] (794) Pylance language server 2023.8.40 (pyright 03f79a81) starting
2023-08-29 12:55:33.322 [info] [Info  - 12:55:33 PM] (794) Server root directory: /root/.vscode-server/extensions/ms-python.vscode-pylance-2023.8.40/dist
2023-08-29 12:55:33.332 [info] [Info  - 12:55:33 PM] (794) Starting service instance "root"
2023-08-29 12:55:33.714 [info] [Info  - 12:55:33 PM] (794) Setting pythonPath for service "root": "/usr/local/bin/python"
2023-08-29 12:55:33.891 [info] [Warn  - 12:55:33 PM] (794) stubPath /root/typings is not a valid directory.
2023-08-29 12:55:34.157 [info] [Info  - 12:55:34 PM] (794) Assuming Python version 3.10
2023-08-29 12:55:49.448 [info] [Info  - 12:55:49 PM] (794) Found 1 source file
2023-08-29 12:56:02.655 [info] [Info  - 12:56:02 PM] (794) [FG] Long operation: parsing: /root/code/app.py (3318ms)
2023-08-29 12:56:09.811 [info] [Info  - 12:56:09 PM] (794) [BG(1)] Long operation: parsing: /root/code/app.py (6110ms)
2023-08-29 12:56:32.543 [info] [Info  - 12:56:32 PM] (794) [BG(1)] Long operation: getSemanticTokens full at /root/code/app.py (28843ms)
2023-08-29 12:57:29.670 [info] [Info  - 12:57:29 PM] (794) [IDX(2)] Long operation: scan packages /root (88613ms)
2023-08-29 12:57:44.438 [info] [Info  - 12:57:44 PM] (794) [IDX(2)] Long operation: parsing: /root/.vscode-server/extensions/ms-python.vscode-pylance-2023.8.40/dist/typeshed-fallback/stubs/Pillow/PIL/__init__.pyi (9478ms)
2023-08-29 12:57:45.313 [info] [Info  - 12:57:45 PM] (794) [IDX(2)] Long operation: indexing: /root/.vscode-server/extensions/ms-python.vscode-pylance-2023.8.40/dist/typeshed-fallback/stubs/Pillow/PIL/__init__.pyi (10628ms)
2023-08-29 12:57:53.761 [info] [Info  - 12:57:53 PM] (794) [IDX(2)] Long operation: parsing: /root/.vscode-server/extensions/ms-python.vscode-pylance-2023.8.40/dist/bundled/stubs/matplotlib/__init__.pyi (3064ms)
2023-08-29 12:57:56.016 [info] [Info  - 12:57:56 PM] (794) [IDX(2)] Long operation: parsing: /root/.vscode-server/extensions/ms-python.vscode-pylance-2023.8.40/dist/bundled/stubs/matplotlib/_typing.pyi (2254ms)
2023-08-29 12:57:56.020 [info] [Info  - 12:57:56 PM] (794) [IDX(2)] Long operation: binding: /root/.vscode-server/extensions/ms-python.vscode-pylance-2023.8.40/dist/bundled/stubs/matplotlib/__init__.pyi (2258ms)
2023-08-29 12:57:56.023 [info] [Info  - 12:57:56 PM] (794) [IDX(2)] Long operation: indexing: /root/.vscode-server/extensions/ms-python.vscode-pylance-2023.8.40/dist/bundled/stubs/matplotlib/__init__.pyi (5458ms)
2023-08-29 12:58:09.980 [info] [Info  - 12:58:09 PM] (794) [IDX(2)] Long operation: parsing: /root/.vscode-server/extensions/ms-python.vscode-pylance-2023.8.40/dist/bundled/stubs/matplotlib/pyplot.pyi (2658ms)
2023-08-29 12:58:09.999 [info] [Info  - 12:58:09 PM] (794) [IDX(2)] Long operation: indexing: /root/.vscode-server/extensions/ms-python.vscode-pylance-2023.8.40/dist/bundled/stubs/matplotlib/pyplot.pyi (2781ms)
2023-08-29 12:58:14.766 [info] [Info  - 12:58:14 PM] (794) [IDX(2)] Long operation: parsing: /root/.vscode-server/extensions/ms-python.vscode-pylance-2023.8.40/dist/bundled/stubs/matplotlib/widgets.pyi (2123ms)
2023-08-29 12:58:14.769 [info] [Info  - 12:58:14 PM] (794) [IDX(2)] Long operation: indexing: /root/.vscode-server/extensions/ms-python.vscode-pylance-2023.8.40/dist/bundled/stubs/matplotlib/widgets.pyi (2170ms)
2023-08-29 12:58:19.658 [info] [Info  - 12:58:19 PM] (794) [IDX(2)] Long operation: parsing: /root/.vscode-server/extensions/ms-python.vscode-pylance-2023.8.40/dist/bundled/stubs/pandas/core/api.pyi (4592ms)
2023-08-29 12:58:22.814 [info] [Info  - 12:58:22 PM] (794) [IDX(2)] Long operation: parsing: /root/.vscode-server/extensions/ms-python.vscode-pylance-2023.8.40/dist/bundled/stubs/pandas/core/indexes/category.pyi (2465ms)
2023-08-29 12:58:31.618 [info] [Info  - 12:58:31 PM] (794) [IDX(2)] Long operation: indexing: /root/.vscode-server/extensions/ms-python.vscode-pylance-2023.8.40/dist/bundled/stubs/pandas/__init__.pyi (16848ms)
2023-08-29 12:58:40.461 [info] [Info  - 12:58:40 PM] (794) [IDX(2)] Long operation: parsing: /root/.vscode-server/extensions/ms-python.vscode-pylance-2023.8.40/dist/bundled/stubs/sklearn/utils/_estimator_html_repr.pyi (7382ms)
2023-08-29 12:58:48.851 [info] [Info  - 12:58:48 PM] (794) [IDX(2)] Long operation: parsing: /root/.vscode-server/extensions/ms-python.vscode-pylance-2023.8.40/dist/bundled/stubs/sklearn/utils/validation.pyi (8342ms)
2023-08-29 12:58:50.172 [info] [Info  - 12:58:50 PM] (794) [IDX(2)] Long operation: indexing: /root/.vscode-server/extensions/ms-python.vscode-pylance-2023.8.40/dist/bundled/stubs/sklearn/base.pyi (17117ms)
2023-08-29 12:58:55.595 [info] [Info  - 12:58:55 PM] (794) [IDX(2)] Long operation: binding: /usr/local/lib/python3.10/site-packages/scipy/optimize/__init__.py (2544ms)
2023-08-29 12:58:58.739 [info] [Info  - 12:58:58 PM] (794) [IDX(2)] Long operation: binding: /usr/local/lib/python3.10/site-packages/scipy/special/__init__.py (2533ms)
2023-08-29 12:59:07.391 [info] [Info  - 12:59:07 PM] (794) [IDX(2)] Long operation: parsing: /root/.vscode-server/extensions/ms-python.vscode-pylance-2023.8.40/dist/bundled/stubs/sklearn/utils/__init__.pyi (6924ms)
2023-08-29 12:59:07.655 [info] [Info  - 12:59:07 PM] (794) [IDX(2)] Long operation: indexing: /root/.vscode-server/extensions/ms-python.vscode-pylance-2023.8.40/dist/bundled/stubs/sklearn/calibration.pyi (17479ms)
2023-08-29 12:59:12.751 [info] [Info  - 12:59:12 PM] (794) [IDX(2)] Long operation: indexing: /root/.vscode-server/extensions/ms-python.vscode-pylance-2023.8.40/dist/bundled/stubs/sklearn/cluster/__init__.pyi (5101ms)
2023-08-29 12:59:34.563 [info] [Info  - 12:59:34 PM] (794) [IDX(2)] Long operation: parsing: /root/.vscode-server/extensions/ms-python.vscode-pylance-2023.8.40/dist/bundled/stubs/sklearn/utils/fixes.pyi (19809ms)
2023-08-29 12:59:40.100 [info] [Info  - 12:59:40 PM] (794) [IDX(2)] Long operation: parsing: /root/.vscode-server/extensions/ms-python.vscode-pylance-2023.8.40/dist/bundled/stubs/sklearn/datasets/_twenty_newsgroups.pyi (5223ms)
2023-08-29 12:59:44.735 [info] [Info  - 12:59:44 PM] (794) [IDX(2)] Long operation: indexing: /root/.vscode-server/extensions/ms-python.vscode-pylance-2023.8.40/dist/bundled/stubs/sklearn/conftest.pyi (31402ms)
2023-08-29 12:59:51.259 [info] [Info  - 12:59:51 PM] (794) [IDX(2)] Long operation: parsing: /root/.vscode-server/extensions/ms-python.vscode-pylance-2023.8.40/dist/bundled/stubs/sklearn/covariance/_empirical_covariance.pyi (5452ms)
2023-08-29 12:59:51.418 [info] [Info  - 12:59:51 PM] (794) [IDX(2)] Long operation: indexing: /root/.vscode-server/extensions/ms-python.vscode-pylance-2023.8.40/dist/bundled/stubs/sklearn/covariance/__init__.pyi (6683ms)
2023-08-29 12:59:53.762 [info] [Info  - 12:59:53 PM] (794) [IDX(2)] Long operation: indexing: /root/.vscode-server/extensions/ms-python.vscode-pylance-2023.8.40/dist/bundled/stubs/sklearn/datasets/__init__.pyi (2119ms)
2023-08-29 13:00:00.228 [info] [Info  - 1:00:00 PM] (794) [IDX(2)] Long operation: indexing: /root/.vscode-server/extensions/ms-python.vscode-pylance-2023.8.40/dist/bundled/stubs/sklearn/ensemble/__init__.pyi (4530ms)
2023-08-29 13:00:09.343 [info] [Info  - 1:00:09 PM] (794) [IDX(2)] Long operation: binding: /usr/local/lib/python3.10/site-packages/scipy/stats/__init__.py (4015ms)
2023-08-29 13:00:09.633 [info] [Info  - 1:00:09 PM] (794) [IDX(2)] Long operation: indexing: /root/.vscode-server/extensions/ms-python.vscode-pylance-2023.8.40/dist/bundled/stubs/sklearn/isotonic.pyi (4658ms)
2023-08-29 13:00:12.146 [info] [Info  - 1:00:12 PM] (794) [IDX(2)] Long operation: binding: /usr/local/lib/python3.10/site-packages/scipy/linalg/__init__.py (2103ms)
2023-08-29 13:00:17.663 [info] [Info  - 1:00:17 PM] (794) [IDX(2)] Long operation: parsing: /root/.vscode-server/extensions/ms-python.vscode-pylance-2023.8.40/dist/bundled/stubs/sklearn/metrics/pairwise.pyi (5294ms)
2023-08-29 13:00:17.666 [info] [Info  - 1:00:17 PM] (794) [IDX(2)] Long operation: indexing: /root/.vscode-server/extensions/ms-python.vscode-pylance-2023.8.40/dist/bundled/stubs/sklearn/kernel_approximation.pyi (8034ms)
2023-08-29 13:00:20.441 [info] [Info  - 1:00:20 PM] (794) [IDX(2)] Long operation: indexing: /root/.vscode-server/extensions/ms-python.vscode-pylance-2023.8.40/dist/bundled/stubs/sklearn/linear_model/__init__.pyi (2622ms)
2023-08-29 13:00:24.536 [info] [Info  - 1:00:24 PM] (794) [IDX(2)] Long operation: indexing: /root/.vscode-server/extensions/ms-python.vscode-pylance-2023.8.40/dist/bundled/stubs/sklearn/metrics/__init__.pyi (3090ms)
2023-08-29 13:00:30.858 [info] [Info  - 1:00:30 PM] (794) [IDX(2)] Long operation: indexing: /root/.vscode-server/extensions/ms-python.vscode-pylance-2023.8.40/dist/bundled/stubs/sklearn/neighbors/__init__.pyi (2959ms)
2023-08-29 13:00:37.370 [info] [Info  - 1:00:37 PM] (794) [IDX(2)] Long operation: indexing: /root/.vscode-server/extensions/ms-python.vscode-pylance-2023.8.40/dist/bundled/stubs/sklearn/utils/__init__.pyi (2918ms)
2023-08-29 13:00:46.842 [info] [Info  - 1:00:46 PM] (794) [IDX(2)] Long operation: indexing: /usr/local/lib/python3.10/site-packages/ipykernel/__init__.py (2582ms)
2023-08-29 13:00:56.393 [info] [Info  - 1:00:56 PM] (794) [IDX(2)] Long operation: indexing: /usr/local/lib/python3.10/site-packages/numpy/__init__.pyi (4267ms)
2023-08-29 13:01:00.828 [info] [Info  - 1:01:00 PM] (794) [IDX(2)] Long operation: indexing: /usr/local/lib/python3.10/site-packages/prompt_toolkit/__init__.py (3598ms)
2023-08-29 13:01:05.912 [info] [Info  - 1:01:05 PM] (794) [IDX(2)] Long operation: indexing: /usr/local/lib/python3.10/site-packages/pyparsing/__init__.py (5071ms)
2023-08-29 13:01:13.822 [info] [Info  - 1:01:13 PM] (794) [IDX(2)] Long operation: binding: /usr/local/lib/python3.10/site-packages/scipy/signal/__init__.py (2306ms)
2023-08-29 13:01:13.823 [info] [Info  - 1:01:13 PM] (794) [IDX(2)] Long operation: indexing: /usr/local/lib/python3.10/site-packages/scipy/signal/__init__.py (2716ms)
2023-08-29 13:01:17.725 [info] [Info  - 1:01:17 PM] (794) [IDX(2)] Long operation: index execution environment /root (223105ms)
2023-08-29 13:01:22.932 [info] [Info  - 1:01:22 PM] (794) [IDX(2)] Long operation: index packages /root (228448ms)
2023-08-29 15:02:24.717 [info] [Info  - 3:02:24 PM] (794) [BG(1)] Long operation: indexing: /root/code/app.py (2613ms)
2023-08-29 15:02:38.546 [info] [Info  - 3:02:38 PM] (794) [BG(1)] Long operation: getSemanticTokens delta previousResultId:1693314012517 at /root/code/app.py (13669ms)
2023-08-29 15:11:44.109 [info] [Info  - 3:11:44 PM] (794) [BG(1)] Long operation: checking: /root/code/app.py (2949ms)
2023-08-29 15:11:44.185 [info] [Info  - 3:11:44 PM] (794) [BG(1)] Long operation: analyzing: /root/code/app.py (3050ms)
2023-08-29 15:11:44.228 [info] [Error - 3:11:44 PM] Stopping server timed out
