2023-09-07 16:14:18.962 [info] Extension host with pid 417 started
2023-09-07 16:14:19.262 [info] ExtensionService#_doActivateExtension vscode.emmet, startup: false, activationEvent: 'onLanguage'
2023-09-07 16:14:19.327 [info] ExtensionService#_doActivateExtension ms-python.python, startup: false, activationEvent: 'onLanguage:python'
2023-09-07 16:14:29.671 [info] ExtensionService#_doActivateExtension vscode.git-base, startup: true, activationEvent: '*', root cause: vscode.git
2023-09-07 16:14:32.742 [info] Lock '/root/.vscode-server/data/User/workspaceStorage/328d74348cb6b259f7660246d7ffe77a/vscode.lock': Lock acquired.
2023-09-07 16:14:33.510 [info] ExtensionService#_doActivateExtension vscode.git, startup: true, activationEvent: '*'
2023-09-07 16:14:33.533 [info] ExtensionService#_doActivateExtension vscode.github, startup: true, activationEvent: '*'
2023-09-07 16:14:37.246 [info] Eager extensions activated
2023-09-07 16:14:37.249 [info] ExtensionService#_doActivateExtension vscode.debug-auto-launch, startup: false, activationEvent: 'onStartupFinished'
2023-09-07 16:14:37.252 [info] ExtensionService#_doActivateExtension vscode.merge-conflict, startup: false, activationEvent: 'onStartupFinished'
2023-09-07 16:14:38.899 [info] ExtensionService#_doActivateExtension ms-python.vscode-pylance, startup: false, activationEvent: 'onLanguage:python'
2023-09-07 16:43:34.151 [info] ExtensionService#_doActivateExtension vscode.npm, startup: false, activationEvent: 'onTerminalQuickFixRequest:ms-vscode.npm-command'
2023-09-07 16:57:55.394 [error] [ms-python.python] provider FAILED
2023-09-07 16:57:55.397 [error] TypeError: Cannot read properties of undefined (reading 'data')
	at /root/.vscode-server/extensions/ms-python.vscode-pylance-2023.8.40/dist/extension.bundle.js:1:71018
	at _0x43fdbb (/root/.vscode-server/extensions/ms-python.vscode-pylance-2023.8.40/dist/extension.bundle.js:1:82653)
	at async ce.provideCompletionItems (/root/.vscode-server/bin/6c3e3dba23e8fadc360aed75ce363ba185c49794/out/vs/workbench/api/node/extensionHostProcess.js:105:50188)
2023-09-07 17:08:26.488 [error] [ms-python.python] provider FAILED
2023-09-07 17:08:26.495 [error] TypeError: Cannot read properties of undefined (reading 'data')
	at /root/.vscode-server/extensions/ms-python.vscode-pylance-2023.8.40/dist/extension.bundle.js:1:71018
	at _0x43fdbb (/root/.vscode-server/extensions/ms-python.vscode-pylance-2023.8.40/dist/extension.bundle.js:1:82653)
	at async ce.provideCompletionItems (/root/.vscode-server/bin/6c3e3dba23e8fadc360aed75ce363ba185c49794/out/vs/workbench/api/node/extensionHostProcess.js:105:50188)
2023-09-07 17:16:10.083 [error] [ms-python.python] provider FAILED
2023-09-07 17:16:10.084 [error] TypeError: Cannot read properties of undefined (reading 'data')
	at /root/.vscode-server/extensions/ms-python.vscode-pylance-2023.8.40/dist/extension.bundle.js:1:71018
	at _0x43fdbb (/root/.vscode-server/extensions/ms-python.vscode-pylance-2023.8.40/dist/extension.bundle.js:1:82653)
	at async ce.provideCompletionItems (/root/.vscode-server/bin/6c3e3dba23e8fadc360aed75ce363ba185c49794/out/vs/workbench/api/node/extensionHostProcess.js:105:50188)
2023-09-07 17:21:16.548 [info] Extension host terminating: received terminate message from renderer
2023-09-07 17:21:16.857 [info] Lock '/root/.vscode-server/data/User/workspaceStorage/328d74348cb6b259f7660246d7ffe77a/vscode.lock': Marking the lockfile as scheduled to be released in 6000 ms.
2023-09-07 17:21:28.967 [info] Extension host with pid 417 exiting with code 0
